[2024-12-10 14:52:40] 0 images ont été importées depuis 'img/default'.
[2024-12-10 15:19:09] 0 images ont été importées depuis 'img/default'.
[2024-12-10 15:51:15] 4 images ont été importées depuis 'img/default/'.
[2024-12-10 15:51:15] 4 images ont été importées depuis 'img/default'.
[2024-12-10 16:05:42] 4 images ont été importées depuis 'img/default'.
[2024-12-10 16:10:32] 4 images ont été importées depuis 'img/default'.
[2024-12-10 16:10:34] 4 images ont été importées depuis 'img/default'.
[2024-12-10 16:12:28] 4 images ont été importées depuis 'img/default'.
[2024-12-10 16:12:29] 4 images ont été importées depuis 'img/default'.
[2024-12-10 16:20:05] 4 images ont été importées depuis 'img/default'.
[2024-12-10 16:21:25] 4 images ont été importées depuis 'img/default'.
[2024-12-10 16:21:32] 4 images ont été importées depuis 'img/default'.
[2024-12-10 16:21:34] 4 images ont été importées depuis 'img/default'.
[2024-12-10 16:22:24] 4 images ont été importées depuis 'img/default'.
[2024-12-10 16:22:25] 4 images ont été importées depuis 'img/default'.
[2024-12-10 16:23:27] 4 images ont été importées depuis 'img/default'.
[2024-12-10 16:23:27] 4 images ont été importées depuis 'img/default'.
[2024-12-10 16:33:22] 4 images ont été importées depuis 'img/default'.
[2024-12-10 16:33:32] 4 images ont été importées depuis 'img/default'.
[2024-12-10 16:33:32] 4 images ont été importées depuis 'img/default'.
[2024-12-10 16:34:25] 4 images ont été importées depuis 'img/default'.
[2024-12-10 16:34:25] 4 images ont été importées depuis 'img/default'.
[2024-12-10 16:34:35] 4 images ont été importées depuis 'img/default'.
[2024-12-10 16:34:35] 4 images ont été importées depuis 'img/default'.
[2024-12-10 16:35:20] 4 images ont été importées depuis 'img/default'.
[2024-12-10 16:35:20] 4 images ont été importées depuis 'img/default'.
[2024-12-10 16:35:37] 4 images ont été importées depuis 'img/default'.
[2024-12-10 16:35:37] 4 images ont été importées depuis 'img/default'.
[2024-12-10 16:36:06] 4 images ont été importées depuis 'img/default'.
[2024-12-10 16:36:06] 4 images ont été importées depuis 'img/default'.
[2024-12-10 16:36:23] 4 images ont été importées depuis 'img/default'.
[2024-12-10 16:36:23] 4 images ont été importées depuis 'img/default'.
[2024-12-10 16:36:41] 4 images ont été importées depuis 'img/default'.
[2024-12-10 16:36:41] 4 images ont été importées depuis 'img/default'.
[2024-12-10 16:36:57] 4 images ont été importées depuis 'img/default'.
[2024-12-10 16:36:57] 4 images ont été importées depuis 'img/default'.
[2024-12-11 14:18:55] 4 images ont été importées depuis 'img/default'.
[2024-12-11 14:18:56] 4 images ont été importées depuis 'img/default'.
[2024-12-11 14:19:11] 4 images ont été importées depuis 'img/default'.
[2024-12-11 14:19:11] 4 images ont été importées depuis 'img/default'.
[2024-12-11 14:19:25] 4 images ont été importées depuis 'img/default'.
[2024-12-11 14:19:25] 4 images ont été importées depuis 'img/default'.
[2024-12-11 14:19:47] 4 images ont été importées depuis 'img/default'.
[2024-12-11 14:19:47] 4 images ont été importées depuis 'img/default'.
[2024-12-11 14:19:47] Erreur lors de l'application du filtre d'aquarelle : {e}
[2024-12-11 14:20:16] 4 images ont été importées depuis 'img/default'.
[2024-12-11 14:20:16] 4 images ont été importées depuis 'img/default'.
[2024-12-11 14:20:16] Erreur lors de l'application du filtre d'aquarelle : {e}
[2024-12-11 14:20:50] 4 images ont été importées depuis 'img/default'.
[2024-12-11 14:20:50] 4 images ont été importées depuis 'img/default'.
[2024-12-11 14:20:50] Erreur lors de l'application du filtre d'aquarelle : {e}
[2024-12-11 14:21:21] 4 images ont été importées depuis 'img/default'.
[2024-12-11 14:21:21] 4 images ont été importées depuis 'img/default'.
[2024-12-11 14:21:57] 4 images ont été importées depuis 'img/default'.
[2024-12-11 14:21:57] 4 images ont été importées depuis 'img/default'.
[2024-12-11 14:22:59] 4 images ont été importées depuis 'img/default'.
[2024-12-11 14:22:59] 4 images ont été importées depuis 'img/default'.
[2024-12-11 14:26:10] 4 images ont été importées depuis 'img/default'.
[2024-12-11 14:26:10] 4 images ont été importées depuis 'img/default'.
[2024-12-11 14:26:12] Erreur lors de l'application du filtre aquarelle : unknown file extension: 
[2024-12-11 14:26:51] 4 images ont été importées depuis 'img/default'.
[2024-12-11 14:26:51] 4 images ont été importées depuis 'img/default'.
[2024-12-11 14:26:52] Erreur lors de l'application du filtre aquarelle : unknown file extension: 
[2024-12-11 14:28:11] 4 images ont été importées depuis 'img/default'.
[2024-12-11 14:28:11] 4 images ont été importées depuis 'img/default'.
[2024-12-11 14:28:11] Image sauvegardée avec succès après application du filtre aquarelle : img/modified
[2024-12-11 14:29:04] 4 images ont été importées depuis 'img/default'.
[2024-12-11 14:29:04] 4 images ont été importées depuis 'img/default'.
[2024-12-11 14:29:04] Image sauvegardée avec succès après application du filtre aquarelle : img/modified
[2024-12-11 14:30:23] 4 images ont été importées depuis 'img/default'.
[2024-12-11 14:30:23] 4 images ont été importées depuis 'img/default'.
[2024-12-11 14:30:23] Image sauvegardée avec succès après application du filtre aquarelle : img/modified
[2024-12-11 14:30:46] 4 images ont été importées depuis 'img/default'.
[2024-12-11 14:30:46] 4 images ont été importées depuis 'img/default'.
[2024-12-11 14:30:47] Image sauvegardée avec succès après application du filtre aquarelle : img/modified
[2024-12-11 14:31:49] 4 images ont été importées depuis 'img/default'.
[2024-12-11 14:31:49] 4 images ont été importées depuis 'img/default'.
[2024-12-11 14:31:49] Image sauvegardée avec succès après application du filtre aquarelle : img/modified
[2024-12-11 14:32:59] 4 images ont été importées depuis 'img/default'.
[2024-12-11 14:32:59] 4 images ont été importées depuis 'img/default'.
[2024-12-11 14:32:59] Image sauvegardée avec succès après application du filtre aquarelle : img/modified
[2024-12-11 14:33:58] 4 images ont été importées depuis 'img/default'.
[2024-12-11 14:33:58] 4 images ont été importées depuis 'img/default'.
[2024-12-11 14:33:58] Image sauvegardée avec succès après application du filtre aquarelle : img/modified
[2024-12-11 14:37:28] 4 images ont été importées depuis 'img/default'.
[2024-12-11 14:37:28] 4 images ont été importées depuis 'img/default'.
[2024-12-11 14:37:28] Image sauvegardée avec succès après application du filtre aquarelle : img/modified
[2024-12-11 14:38:19] 4 images ont été importées depuis 'img/default'.
[2024-12-11 14:38:19] 4 images ont été importées depuis 'img/default'.
[2024-12-11 14:38:19] Image sauvegardée avec succès après application du filtre aquarelle : img/modified
[2024-12-11 14:42:23] 4 images ont été importées depuis 'img/default'.
[2024-12-11 14:42:23] 4 images ont été importées depuis 'img/default'.
[2024-12-11 14:43:17] 4 images ont été importées depuis 'img/default'.
[2024-12-11 14:43:17] 4 images ont été importées depuis 'img/default'.
[2024-12-11 14:45:03] 4 images ont été importées depuis 'img/default'.
[2024-12-11 14:45:03] 4 images ont été importées depuis 'img/default'.
[2024-12-11 14:45:23] 4 images ont été importées depuis 'img/default'.
[2024-12-11 14:45:23] 4 images ont été importées depuis 'img/default'.
[2024-12-11 14:45:54] 4 images ont été importées depuis 'img/default'.
[2024-12-11 14:45:54] 4 images ont été importées depuis 'img/default'.
[2024-12-11 14:46:10] 4 images ont été importées depuis 'img/default'.
[2024-12-11 14:46:10] 4 images ont été importées depuis 'img/default'.
[2024-12-11 14:46:27] 4 images ont été importées depuis 'img/default'.
[2024-12-11 14:46:27] 4 images ont été importées depuis 'img/default'.
[2024-12-11 14:46:46] 4 images ont été importées depuis 'img/default'.
[2024-12-11 14:46:46] 4 images ont été importées depuis 'img/default'.
[2024-12-11 14:46:56] 4 images ont été importées depuis 'img/default'.
[2024-12-11 14:46:56] 4 images ont été importées depuis 'img/default'.
[2024-12-11 14:47:05] 4 images ont été importées depuis 'img/default'.
[2024-12-11 14:47:05] 4 images ont été importées depuis 'img/default'.
[2024-12-11 14:47:45] 4 images ont été importées depuis 'img/default'.
[2024-12-11 14:47:45] 4 images ont été importées depuis 'img/default'.
[2024-12-11 14:48:32] 4 images ont été importées depuis 'img/default'.
[2024-12-11 14:48:32] 4 images ont été importées depuis 'img/default'.
[2024-12-11 14:48:45] 4 images ont été importées depuis 'img/default'.
[2024-12-11 14:48:45] 4 images ont été importées depuis 'img/default'.
[2024-12-11 14:48:54] 4 images ont été importées depuis 'img/default'.
[2024-12-11 14:48:54] 4 images ont été importées depuis 'img/default'.
[2024-12-11 14:49:06] 4 images ont été importées depuis 'img/default'.
[2024-12-11 14:49:06] 4 images ont été importées depuis 'img/default'.
[2024-12-11 14:50:28] 4 images ont été importées depuis 'img/default'.
[2024-12-11 14:50:28] 4 images ont été importées depuis 'img/default'.
